<?xml version="1.0" encoding="UTF-8"?>
<!-- Generated by org.testng.reporters.JUnitReportReporter -->
<testsuite skipped="0" hostname="Nishant-Jain" name="com.pfl.automation.org62.testcases.TS01_Administration_AssertTiles" tests="4" failures="0" timestamp="28 Apr 2019 07:47:35 GMT" time="131.237" errors="0">
  <testcase name="TS_01_01_Verify_administration_tiles" time="41.539" classname="com.pfl.automation.org62.testcases.TS01_Administration_AssertTiles"/>
  <testcase name="TS_01_02_Verify_presence_of_different_components_on_Program_administration_page" time="29.698" classname="com.pfl.automation.org62.testcases.TS01_Administration_AssertTiles"/>
  <testcase name="TS_01_03_Verify_presence_of_different_components_on_User_administration_page" time="30.321" classname="com.pfl.automation.org62.testcases.TS01_Administration_AssertTiles"/>
  <testcase name="TS_01_04_Verify_presence_of_different_components_on_Product_administration_page" time="29.679" classname="com.pfl.automation.org62.testcases.TS01_Administration_AssertTiles"/>
</testsuite> <!-- com.pfl.automation.org62.testcases.TS01_Administration_AssertTiles -->
