<?xml version="1.0" encoding="UTF-8"?>
<!-- Generated by org.testng.reporters.JUnitReportReporter -->
<testsuite skipped="0" hostname="Deepak-Sharma1" name="com.pfl.automation.org62.testcases.TS02_lightning" tests="1" failures="0" timestamp="09 May 2019 11:41:27 GMT" time="70.711" errors="0">
  <testcase name="TC01" time="70.711" classname="com.pfl.automation.org62.testcases.TS02_lightning"/>
</testsuite> <!-- com.pfl.automation.org62.testcases.TS02_lightning -->
