<?xml version="1.0" encoding="UTF-8"?>
<!-- Generated by org.testng.reporters.JUnitReportReporter -->
<testsuite skipped="0" hostname="Deepak-Sharma1" name="com.pfl.automation.org62.testcases.TS03_lightning" tests="4" failures="0" timestamp="08 May 2019 12:01:00 GMT" time="271.682" errors="0">
  <testcase name="TS03_DataSet_Creation" time="110.986" classname="com.pfl.automation.org62.testcases.TS03_lightning"/>
  <testcase name="TS03_01_verifying_contact_address_send_swag" time="65.234" classname="com.pfl.automation.org62.testcases.TS03_lightning"/>
  <testcase name="TS03_02_verifying_account_address_end_swag" time="48.794" classname="com.pfl.automation.org62.testcases.TS03_lightning"/>
  <testcase name="TS03_DataReset" time="46.668" classname="com.pfl.automation.org62.testcases.TS03_lightning"/>
</testsuite> <!-- com.pfl.automation.org62.testcases.TS03_lightning -->
