<?xml version="1.0" encoding="UTF-8"?>
<!-- Generated by org.testng.reporters.JUnitReportReporter -->
<testsuite skipped="0" hostname="Deepak-Sharma1" name="com.pfl.automation.org62.testcases.TS05_Administration_Multiple_product" tests="3" failures="0" timestamp="30 Apr 2019 10:03:30 GMT" time="263.747" errors="0">
  <testcase name="TS05_DataSet_Creation" time="163.088" classname="com.pfl.automation.org62.testcases.TS05_Administration_Multiple_product"/>
  <testcase name="TS05_01_verifying_send_swag_with_campaign_association" time="72.990" classname="com.pfl.automation.org62.testcases.TS05_Administration_Multiple_product"/>
  <testcase name="TS05_DataSet_Reset" time="27.669" classname="com.pfl.automation.org62.testcases.TS05_Administration_Multiple_product"/>
</testsuite> <!-- com.pfl.automation.org62.testcases.TS05_Administration_Multiple_product -->
