<?xml version="1.0" encoding="UTF-8"?>
<!-- Generated by org.testng.reporters.JUnitReportReporter -->
<testsuite skipped="0" hostname="Deepak-Sharma1" name="com.pfl.automation.org62.testcases.TS05_lightning" tests="3" failures="0" timestamp="08 May 2019 12:01:00 GMT" time="306.283" errors="0">
  <testcase name="TS05_DataSet_Creation" time="164.021" classname="com.pfl.automation.org62.testcases.TS05_lightning"/>
  <testcase name="TS05_verifying_send_swag_with_multiple_products" time="94.955" classname="com.pfl.automation.org62.testcases.TS05_lightning"/>
  <testcase name="TS05_DataSet_Reset" time="47.307" classname="com.pfl.automation.org62.testcases.TS05_lightning"/>
</testsuite> <!-- com.pfl.automation.org62.testcases.TS05_lightning -->
