<?xml version="1.0" encoding="UTF-8"?>
<!-- Generated by org.testng.reporters.JUnitReportReporter -->
<testsuite skipped="0" hostname="Deepak-Sharma1" name="com.pfl.automation.org62.testcases.TS07_Administration_program_error_validation" tests="1" failures="0" timestamp="02 May 2019 09:41:08 GMT" time="158.757" errors="0">
  <testcase name="program_error_validation" time="158.757" classname="com.pfl.automation.org62.testcases.TS07_Administration_program_error_validation"/>
</testsuite> <!-- com.pfl.automation.org62.testcases.TS07_Administration_program_error_validation -->
