<?xml version="1.0" encoding="UTF-8"?>
<!-- Generated by org.testng.reporters.JUnitReportReporter -->
<testsuite skipped="0" hostname="Deepak-Sharma1" name="com.pfl.automation.org62.testcases.TS04_lightning" tests="3" failures="0" timestamp="08 May 2019 12:01:00 GMT" time="219.719" errors="0">
  <testcase name="create_setup_program" time="121.694" classname="com.pfl.automation.org62.testcases.TS04_lightning"/>
  <testcase name="verifying_send_swag_with_campaign_association" time="58.469" classname="com.pfl.automation.org62.testcases.TS04_lightning"/>
  <testcase name="delete_order_send_swag" time="39.556" classname="com.pfl.automation.org62.testcases.TS04_lightning"/>
</testsuite> <!-- com.pfl.automation.org62.testcases.TS04_lightning -->
