<?xml version="1.0" encoding="UTF-8"?>
<!-- Generated by org.testng.reporters.JUnitReportReporter -->
<testsuite skipped="0" hostname="Deepak-Sharma1" name="com.pfl.automation.org62.testcases.TS04_Administration_Campaign_Associated" tests="3" failures="0" timestamp="30 Apr 2019 08:21:34 GMT" time="192.139" errors="0">
  <testcase name="create_setup_program" time="127.867" classname="com.pfl.automation.org62.testcases.TS04_Administration_Campaign_Associated"/>
  <testcase name="verifying_send_swag_with_campaign_association" time="40.990" classname="com.pfl.automation.org62.testcases.TS04_Administration_Campaign_Associated"/>
  <testcase name="delete_order_send_swag" time="23.282" classname="com.pfl.automation.org62.testcases.TS04_Administration_Campaign_Associated"/>
</testsuite> <!-- com.pfl.automation.org62.testcases.TS04_Administration_Campaign_Associated -->
