<?xml version="1.0" encoding="UTF-8"?>
<!-- Generated by org.testng.reporters.JUnitReportReporter -->
<testsuite skipped="0" hostname="Deepak-Sharma1" name="com.pfl.automation.org62.testcases.TS06_Administration_role_based_program" tests="3" failures="0" timestamp="30 Apr 2019 10:24:58 GMT" time="190.939" errors="0">
  <testcase name="create_setup_program" time="115.315" classname="com.pfl.automation.org62.testcases.TS06_Administration_role_based_program"/>
  <testcase name="verifying_send_swag_with_campaign_association" time="48.780" classname="com.pfl.automation.org62.testcases.TS06_Administration_role_based_program"/>
  <testcase name="delete_order_send_swag" time="26.844" classname="com.pfl.automation.org62.testcases.TS06_Administration_role_based_program"/>
</testsuite> <!-- com.pfl.automation.org62.testcases.TS06_Administration_role_based_program -->
