<?xml version="1.0" encoding="UTF-8"?>
<!-- Generated by org.testng.reporters.JUnitReportReporter -->
<testsuite skipped="0" hostname="Deepak-Sharma1" name="com.pfl.automation.org62.testcases.TS03_lightning" tests="4" failures="0" timestamp="07 May 2019 13:07:51 GMT" time="384.348" errors="0">
  <testcase name="TS03_DataSet_Creation" time="133.103" classname="com.pfl.automation.org62.testcases.TS03_lightning"/>
  <testcase name="TS03_01_verifying_contact_address_send_swag" time="91.496" classname="com.pfl.automation.org62.testcases.TS03_lightning"/>
  <testcase name="TS03_02_verifying_account_address_end_swag" time="82.941" classname="com.pfl.automation.org62.testcases.TS03_lightning"/>
  <testcase name="TS03_DataReset" time="76.808" classname="com.pfl.automation.org62.testcases.TS03_lightning"/>
</testsuite> <!-- com.pfl.automation.org62.testcases.TS03_lightning -->
