<?xml version="1.0" encoding="UTF-8"?>
<!-- Generated by org.testng.reporters.JUnitReportReporter -->
<testsuite skipped="0" hostname="Deepak-Sharma1" name="com.pfl.automation.org62.testcases.TS04_lightning" tests="3" failures="0" timestamp="07 May 2019 13:45:28 GMT" time="316.445" errors="0">
  <testcase name="create_setup_program" time="150.436" classname="com.pfl.automation.org62.testcases.TS04_lightning"/>
  <testcase name="verifying_send_swag_with_campaign_association" time="93.856" classname="com.pfl.automation.org62.testcases.TS04_lightning"/>
  <testcase name="delete_order_send_swag" time="72.153" classname="com.pfl.automation.org62.testcases.TS04_lightning"/>
</testsuite> <!-- com.pfl.automation.org62.testcases.TS04_lightning -->
