<?xml version="1.0" encoding="UTF-8"?>
<!-- Generated by org.testng.reporters.JUnitReportReporter -->
<testsuite skipped="0" hostname="Deepak-Sharma1" name="com.pfl.automation.org62.testcases.TS03_Verify_order_on_contact_and_account" tests="4" failures="0" timestamp="30 Apr 2019 07:43:34 GMT" time="220.702" errors="0">
  <testcase name="TS03_DataSet_Creation" time="113.000" classname="com.pfl.automation.org62.testcases.TS03_Verify_order_on_contact_and_account"/>
  <testcase name="TS03_01_verifying_contact_address_send_swag" time="39.412" classname="com.pfl.automation.org62.testcases.TS03_Verify_order_on_contact_and_account"/>
  <testcase name="TS03_02_verifying_account_address_end_swag" time="45.134" classname="com.pfl.automation.org62.testcases.TS03_Verify_order_on_contact_and_account"/>
  <testcase name="TS03_DataReset" time="23.156" classname="com.pfl.automation.org62.testcases.TS03_Verify_order_on_contact_and_account"/>
</testsuite> <!-- com.pfl.automation.org62.testcases.TS03_Verify_order_on_contact_and_account -->
